  Source.cpp
C:\Users\AMAAN\vcpkg\installed\x64-windows\include\raygui.h(1514,23): warning C4244: 'initializing': conversion from 'int' to 'float', possible loss of data
C:\Users\AMAAN\vcpkg\installed\x64-windows\include\raygui.h(3220,60): warning C4244: '=': conversion from 'int' to 'float', possible loss of data
C:\Users\AMAAN\vcpkg\installed\x64-windows\include\raygui.h(3221,60): warning C4244: '=': conversion from 'int' to 'float', possible loss of data
C:\Users\AMAAN\vcpkg\installed\x64-windows\include\raygui.h(3859,106): warning C4244: 'argument': conversion from 'int' to 'float', possible loss of data
C:\Users\AMAAN\vcpkg\installed\x64-windows\include\raygui.h(3859,73): warning C4244: 'argument': conversion from 'int' to 'float', possible loss of data
C:\Users\AMAAN\source\repos\Project9\Project9\Source.cpp(26,19): warning C4244: 'argument': conversion from 'int' to 'float', possible loss of data
C:\Users\AMAAN\source\repos\Project9\Project9\Source.cpp(26,16): warning C4244: 'argument': conversion from 'float' to 'int', possible loss of data
C:\Users\AMAAN\source\repos\Project9\Project9\Source.cpp(26,14): warning C4244: 'argument': conversion from 'float' to 'int', possible loss of data
C:\Users\AMAAN\source\repos\Project9\Project9\Source.cpp(33,26): warning C4244: '=': conversion from 'int' to 'float', possible loss of data
C:\Users\AMAAN\source\repos\Project9\Project9\Source.cpp(34,29): warning C4244: '=': conversion from 'int' to 'float', possible loss of data
C:\Users\AMAAN\source\repos\Project9\Project9\Source.cpp(45,26): warning C4244: '=': conversion from 'int' to 'float', possible loss of data
C:\Users\AMAAN\source\repos\Project9\Project9\Source.cpp(46,29): warning C4244: '=': conversion from 'int' to 'float', possible loss of data
C:\Users\AMAAN\source\repos\Project9\Project9\Source.cpp(70,20): warning C4244: 'argument': conversion from 'int' to 'float', possible loss of data
C:\Users\AMAAN\source\repos\Project9\Project9\Source.cpp(70,17): warning C4244: 'argument': conversion from 'float' to 'int', possible loss of data
C:\Users\AMAAN\source\repos\Project9\Project9\Source.cpp(70,14): warning C4244: 'argument': conversion from 'float' to 'int', possible loss of data
C:\Users\AMAAN\source\repos\Project9\Project9\Source.cpp(140,20): warning C4244: 'argument': conversion from 'int' to 'float', possible loss of data
C:\Users\AMAAN\source\repos\Project9\Project9\Source.cpp(140,17): warning C4244: 'argument': conversion from 'float' to 'int', possible loss of data
C:\Users\AMAAN\source\repos\Project9\Project9\Source.cpp(140,14): warning C4244: 'argument': conversion from 'float' to 'int', possible loss of data
C:\Users\AMAAN\source\repos\Project9\Project9\Source.cpp(208,16): warning C4244: 'argument': conversion from 'float' to 'int', possible loss of data
C:\Users\AMAAN\source\repos\Project9\Project9\Source.cpp(208,13): warning C4244: 'argument': conversion from 'float' to 'int', possible loss of data
C:\Users\AMAAN\source\repos\Project9\Project9\Source.cpp(257,26): warning C4244: '=': conversion from 'int' to 'float', possible loss of data
C:\Users\AMAAN\source\repos\Project9\Project9\Source.cpp(258,24): warning C4244: '=': conversion from 'int' to 'float', possible loss of data
C:\Users\AMAAN\source\repos\Project9\Project9\Source.cpp(264,26): warning C4244: '=': conversion from 'int' to 'float', possible loss of data
C:\Users\AMAAN\source\repos\Project9\Project9\Source.cpp(270,27): warning C4244: '=': conversion from 'int' to 'float', possible loss of data
C:\Users\AMAAN\source\repos\Project9\Project9\Source.cpp(297,104): warning C4244: 'argument': conversion from 'int' to 'float', possible loss of data
C:\Users\AMAAN\source\repos\Project9\Project9\Source.cpp(297,59): warning C4244: 'argument': conversion from 'int' to 'float', possible loss of data
C:\Users\AMAAN\source\repos\Project9\Project9\Source.cpp(319,59): warning C4244: 'argument': conversion from 'int' to 'float', possible loss of data
C:\Users\AMAAN\source\repos\Project9\Project9\Source.cpp(365,29): warning C4244: '=': conversion from 'int' to 'float', possible loss of data
C:\Users\AMAAN\source\repos\Project9\Project9\Source.cpp(366,25): warning C4244: '=': conversion from 'int' to 'float', possible loss of data
C:\Users\AMAAN\source\repos\Project9\Project9\Source.cpp(368,28): warning C4244: '=': conversion from 'int' to 'float', possible loss of data
C:\Users\AMAAN\source\repos\Project9\Project9\Source.cpp(370,29): warning C4244: '=': conversion from 'int' to 'float', possible loss of data
  Project9.vcxproj -> C:\Users\AMAAN\source\repos\Project9\x64\Debug\Project9.exe
